<?xml version="1.0" encoding="UTF-8"?>
<!-- Generated by org.testng.reporters.JUnitXMLReporter -->
<testsuite ignored="0" hostname="DESKTOP-074IOKA" failures="0" tests="2" name="Sanity Testing" time="12.282" errors="0" timestamp="2021-02-22T09:49:59 IST">
  <testcase classname="SeleniumWebDriverDemo.selenium.ParameterPassingXmlFile" name="launchUrl" time="9.462"/>
  <testcase classname="SeleniumWebDriverDemo.selenium.ParameterPassingXmlFile" name="loginPage" time="2.768"/>
</testsuite> <!-- Sanity Testing -->
