<?xml version="1.0" encoding="UTF-8"?>
<!-- Generated by org.testng.reporters.JUnitXMLReporter -->
<testsuite ignored="1" hostname="DESKTOP-074IOKA" failures="0" tests="1" name="Default test" time="16.267" errors="0" timestamp="2021-02-22T09:48:56 IST">
  <testcase classname="SeleniumWebDriverDemo.selenium.ParameterPassingXmlFile" name="launchUrl" time="16.197"/>
  <testcase classname="SeleniumWebDriverDemo.selenium.ParameterPassingXmlFile" name="loginPage" time="0.0">
    <ignored/>
  </testcase> <!-- loginPage -->
</testsuite> <!-- Default test -->
