<?xml version="1.0" encoding="UTF-8"?>
<testng-results ignored="0" total="2" passed="2" failed="0" skipped="0">
  <reporter-output>
  </reporter-output>
  <suite started-at="2021-02-22T09:49:46 IST" name="Practice Testing" finished-at="2021-02-22T09:49:58 IST" duration-ms="12282">
    <groups>
    </groups>
    <test started-at="2021-02-22T09:49:46 IST" name="Sanity Testing" finished-at="2021-02-22T09:49:58 IST" duration-ms="12282">
      <class name="SeleniumWebDriverDemo.selenium.ParameterPassingXmlFile">
        <test-method signature="launchUrl(java.lang.String)[pri:0, instance:SeleniumWebDriverDemo.selenium.ParameterPassingXmlFile@7c83dc97]" started-at="2021-02-22T09:49:46 IST" name="launchUrl" finished-at="2021-02-22T09:49:55 IST" duration-ms="9462" status="PASS">
          <params>
            <param index="0">
              <value>
                <![CDATA[chrome]]>
              </value>
            </param>
          </params>
          <reporter-output>
          </reporter-output>
        </test-method> <!-- launchUrl -->
        <test-method signature="loginPage(java.lang.String, java.lang.String)[pri:0, instance:SeleniumWebDriverDemo.selenium.ParameterPassingXmlFile@7c83dc97]" started-at="2021-02-22T09:49:55 IST" name="loginPage" finished-at="2021-02-22T09:49:58 IST" duration-ms="2768" status="PASS">
          <params>
            <param index="0">
              <value>
                <![CDATA[anilds@gamil.com]]>
              </value>
            </param>
            <param index="1">
              <value>
                <![CDATA[1234]]>
              </value>
            </param>
          </params>
          <reporter-output>
          </reporter-output>
        </test-method> <!-- loginPage -->
      </class> <!-- SeleniumWebDriverDemo.selenium.ParameterPassingXmlFile -->
    </test> <!-- Sanity Testing -->
  </suite> <!-- Practice Testing -->
</testng-results>
