<?xml version="1.0" encoding="UTF-8"?>
<!-- Generated by org.testng.reporters.JUnitXMLReporter -->
<testsuite ignored="0" hostname="DESKTOP-074IOKA" failures="1" tests="1" name="Test Basics 1" time="0.059" errors="0" timestamp="2021-02-22T09:04:22 IST">
  <testcase classname="SeleniumWebDriverDemo.selenium.ParameterPassingXmlFile" name="launchUrl" time="0.0">
    <failure type="org.testng.TestNGException" message="
Cannot inject @Test annotated Method [launchUrl] with [class java.lang.String].
For more information on native dependency injection please refer to http://testng.org/doc/documentation-main.html#native-dependency-injection">
      <![CDATA[org.testng.TestNGException: 
Cannot inject @Test annotated Method [launchUrl] with [class java.lang.String].
For more information on native dependency injection please refer to http://testng.org/doc/documentation-main.html#native-dependency-injection
at java.base/java.util.ArrayList.forEach(ArrayList.java:1511)
... Removed 26 stack frames]]>
    </failure>
  </testcase> <!-- launchUrl -->
</testsuite> <!-- Test Basics 1 -->
